2025-12-25 16:41:31 error: TypeError: argument handler must be a function
    at Route.<computed> [as get] (C:\Users\bhavy\WebstormProjects\sih-final-drop-backend\node_modules\router\lib\route.js:228:15)
    at Router.<computed> [as get] (C:\Users\bhavy\WebstormProjects\sih-final-drop-backend\node_modules\router\index.js:448:19)
    at <anonymous> (C:\Users\bhavy\WebstormProjects\sih-final-drop-backend\src\routes\students.routes.ts:26:8)
    at Object.<anonymous> (C:\Users\bhavy\WebstormProjects\sih-final-drop-backend\src\routes\students.routes.ts:32:16)
    at Module._compile (node:internal/modules/cjs/loader:1761:14)
    at Object.transformer (C:\Users\bhavy\WebstormProjects\sih-final-drop-backend\node_modules\tsx\dist\register-D46fvsV_.cjs:3:1104)
    at Module.load (node:internal/modules/cjs/loader:1481:32)
    at Module._load (node:internal/modules/cjs/loader:1300:12)
    at TracingChannel.traceSync (node:diagnostics_channel:328:14)
    at wrapModuleLoad (node:internal/modules/cjs/loader:245:24)
2025-12-25 16:43:18 error: TypeError: argument handler must be a function
    at Route.<computed> [as get] (C:\Users\bhavy\WebstormProjects\sih-final-drop-backend\node_modules\router\lib\route.js:228:15)
    at Router.<computed> [as get] (C:\Users\bhavy\WebstormProjects\sih-final-drop-backend\node_modules\router\index.js:448:19)
    at <anonymous> (C:\Users\bhavy\WebstormProjects\sih-final-drop-backend\src\routes\students.routes.ts:26:8)
    at Object.<anonymous> (C:\Users\bhavy\WebstormProjects\sih-final-drop-backend\src\routes\students.routes.ts:32:16)
    at Module._compile (node:internal/modules/cjs/loader:1761:14)
    at Object.transformer (C:\Users\bhavy\WebstormProjects\sih-final-drop-backend\node_modules\tsx\dist\register-D46fvsV_.cjs:3:1104)
    at Module.load (node:internal/modules/cjs/loader:1481:32)
    at Module._load (node:internal/modules/cjs/loader:1300:12)
    at TracingChannel.traceSync (node:diagnostics_channel:328:14)
    at wrapModuleLoad (node:internal/modules/cjs/loader:245:24)
